0 info it worked if it ends with ok
1 verbose cli [ '/Users/mattrothenberg/.nvm/versions/node/v6.9.0/bin/node',
1 verbose cli   '/Users/mattrothenberg/.nvm/versions/node/v6.9.0/bin/npm',
1 verbose cli   'run',
1 verbose cli   'deploy' ]
2 info using npm@3.10.8
3 info using node@v6.9.0
4 verbose run-script [ 'predeploy', 'deploy', 'postdeploy' ]
5 info lifecycle prototyping-playbook@1.0.0~predeploy: prototyping-playbook@1.0.0
6 silly lifecycle prototyping-playbook@1.0.0~predeploy: no script for predeploy, continuing
7 info lifecycle prototyping-playbook@1.0.0~deploy: prototyping-playbook@1.0.0
8 verbose lifecycle prototyping-playbook@1.0.0~deploy: unsafe-perm in lifecycle true
9 verbose lifecycle prototyping-playbook@1.0.0~deploy: PATH: /Users/mattrothenberg/.nvm/versions/node/v6.9.0/lib/node_modules/npm/bin/node-gyp-bin:/Users/mattrothenberg/workspace/oss/prototyping-playbook/dist/node_modules/.bin:/Users/mattrothenberg/.rbenv/bin:/Users/mattrothenberg/.nvm/versions/node/v6.9.0/bin:/Users/mattrothenberg/.rbenv/shims:/usr/local/bin:/usr/bin:/bin:/usr/sbin:/sbin:/opt/X11/bin
10 verbose lifecycle prototyping-playbook@1.0.0~deploy: CWD: /Users/mattrothenberg/workspace/oss/prototyping-playbook/dist
11 silly lifecycle prototyping-playbook@1.0.0~deploy: Args: [ '-c', 'gh-pages -d dist' ]
12 silly lifecycle prototyping-playbook@1.0.0~deploy: Returned: code: 1  signal: null
13 info lifecycle prototyping-playbook@1.0.0~deploy: Failed to exec deploy script
14 verbose stack Error: prototyping-playbook@1.0.0 deploy: `gh-pages -d dist`
14 verbose stack Exit status 1
14 verbose stack     at EventEmitter.<anonymous> (/Users/mattrothenberg/.nvm/versions/node/v6.9.0/lib/node_modules/npm/lib/utils/lifecycle.js:255:16)
14 verbose stack     at emitTwo (events.js:106:13)
14 verbose stack     at EventEmitter.emit (events.js:191:7)
14 verbose stack     at ChildProcess.<anonymous> (/Users/mattrothenberg/.nvm/versions/node/v6.9.0/lib/node_modules/npm/lib/utils/spawn.js:40:14)
14 verbose stack     at emitTwo (events.js:106:13)
14 verbose stack     at ChildProcess.emit (events.js:191:7)
14 verbose stack     at maybeClose (internal/child_process.js:877:16)
14 verbose stack     at Process.ChildProcess._handle.onexit (internal/child_process.js:226:5)
15 verbose pkgid prototyping-playbook@1.0.0
16 verbose cwd /Users/mattrothenberg/workspace/oss/prototyping-playbook/dist
17 error Darwin 15.6.0
18 error argv "/Users/mattrothenberg/.nvm/versions/node/v6.9.0/bin/node" "/Users/mattrothenberg/.nvm/versions/node/v6.9.0/bin/npm" "run" "deploy"
19 error node v6.9.0
20 error npm  v3.10.8
21 error code ELIFECYCLE
22 error prototyping-playbook@1.0.0 deploy: `gh-pages -d dist`
22 error Exit status 1
23 error Failed at the prototyping-playbook@1.0.0 deploy script 'gh-pages -d dist'.
23 error Make sure you have the latest version of node.js and npm installed.
23 error If you do, this is most likely a problem with the prototyping-playbook package,
23 error not with npm itself.
23 error Tell the author that this fails on your system:
23 error     gh-pages -d dist
23 error You can get information on how to open an issue for this project with:
23 error     npm bugs prototyping-playbook
23 error Or if that isn't available, you can get their info via:
23 error     npm owner ls prototyping-playbook
23 error There is likely additional logging output above.
24 verbose exit [ 1, true ]
